<?xml version="1.0" encoding="UTF-8"?>
<!-- Generated by org.testng.reporters.JUnitReportReporter -->
<testsuite hostname="amahmoud" failures="0" tests="2" name="TestCase.AddProductToCompareTest" time="0.000" errors="0" timestamp="2021-12-29T14:50:39 EET" skipped="2">
  <testcase classname="TestCase.AddProductToCompareTest" name="UserCanCompareProducts" time="0.000">
    <skipped/>
  </testcase> <!-- UserCanCompareProducts -->
  <system-out/>
  <testcase classname="TestCase.AddProductToCompareTest" name="UserCanClearCompare" time="0.000">
    <skipped/>
  </testcase> <!-- UserCanClearCompare -->
  <system-out/>
</testsuite> <!-- TestCase.AddProductToCompareTest -->
