<?xml version="1.0" encoding="UTF-8"?>
<!-- Generated by org.testng.reporters.JUnitReportReporter -->
<testsuite hostname="amahmoud" failures="0" tests="4" name="TestCase.MyAccountTest" time="0.000" errors="0" timestamp="2021-12-29T14:50:39 EET" skipped="4">
  <testcase classname="TestCase.MyAccountTest" name="UserCanRegister" time="0.000">
    <skipped/>
  </testcase> <!-- UserCanRegister -->
  <system-out/>
  <testcase classname="TestCase.MyAccountTest" name="UserCanChangePassword" time="0.000">
    <skipped/>
  </testcase> <!-- UserCanChangePassword -->
  <system-out/>
  <testcase classname="TestCase.MyAccountTest" name="RegisterUserCanLogout" time="0.000">
    <skipped/>
  </testcase> <!-- RegisterUserCanLogout -->
  <system-out/>
  <testcase classname="TestCase.MyAccountTest" name="RegisterUserCanLogin" time="0.000">
    <skipped/>
  </testcase> <!-- RegisterUserCanLogin -->
  <system-out/>
</testsuite> <!-- TestCase.MyAccountTest -->
