<?xml version="1.0" encoding="UTF-8"?>
<!-- Generated by org.testng.reporters.JUnitReportReporter -->
<testsuite hostname="amahmoud" failures="0" tests="5" name="TestCase.EmailFriendTest" time="0.000" errors="0" timestamp="2021-12-29T14:50:39 EET" skipped="5">
  <testcase classname="TestCase.EmailFriendTest" name="UserCanRegister" time="0.000">
    <skipped/>
  </testcase> <!-- UserCanRegister -->
  <system-out/>
  <testcase classname="TestCase.EmailFriendTest" name="UserCanSearchWithAutoSuggest" time="0.000">
    <skipped/>
  </testcase> <!-- UserCanSearchWithAutoSuggest -->
  <system-out/>
  <testcase classname="TestCase.EmailFriendTest" name="UserCanMailFriend" time="0.000">
    <skipped/>
  </testcase> <!-- UserCanMailFriend -->
  <system-out/>
  <testcase classname="TestCase.EmailFriendTest" name="RegisterUserCanLogout" time="0.000">
    <skipped/>
  </testcase> <!-- RegisterUserCanLogout -->
  <system-out/>
  <testcase classname="TestCase.EmailFriendTest" name="RegisterUserCanLogin" time="0.000">
    <skipped/>
  </testcase> <!-- RegisterUserCanLogin -->
  <system-out/>
</testsuite> <!-- TestCase.EmailFriendTest -->
