<?xml version="1.0" encoding="UTF-8"?>
<!-- Generated by org.testng.reporters.JUnitReportReporter -->
<testsuite hostname="amahmoud" failures="0" tests="3" name="TestCase.AddProductReviewTest" time="0.000" errors="0" timestamp="2021-12-29T14:50:39 EET" skipped="3">
  <testcase classname="TestCase.AddProductReviewTest" name="UserCanRegister" time="0.000">
    <skipped/>
  </testcase> <!-- UserCanRegister -->
  <system-out/>
  <testcase classname="TestCase.AddProductReviewTest" name="UserCanSearchWithAutoSuggest" time="0.000">
    <skipped/>
  </testcase> <!-- UserCanSearchWithAutoSuggest -->
  <system-out/>
  <testcase classname="TestCase.AddProductReviewTest" name="UserCanAddProductReview" time="0.000">
    <skipped/>
  </testcase> <!-- UserCanAddProductReview -->
  <system-out/>
</testsuite> <!-- TestCase.AddProductReviewTest -->
