<?xml version="1.0" encoding="UTF-8"?>
<!-- Generated by org.testng.reporters.JUnitReportReporter -->
<testsuite hostname="DESKTOP-VN39HU1" failures="0" tests="3" name="TestCase.AddProductReview" time="24.157" errors="0" timestamp="2021-11-23T10:59:33 EET" skipped="0">
  <testcase classname="TestCase.AddProductReview" name="UserCanRegister" time="7.945"/>
  <system-out/>
  <testcase classname="TestCase.AddProductReview" name="UserCanSearchWithAutoSuggest" time="13.041"/>
  <system-out/>
  <testcase classname="TestCase.AddProductReview" name="UserCanAddProductReview" time="3.171"/>
  <system-out/>
</testsuite> <!-- TestCase.AddProductReview -->
