<?xml version="1.0" encoding="UTF-8"?>
<!-- Generated by org.testng.reporters.JUnitReportReporter -->
<testsuite hostname="amahmoud" failures="0" tests="3" name="TestCase.AddProductToShoppingCartTest" time="0.000" errors="0" timestamp="2021-12-29T14:50:39 EET" skipped="3">
  <testcase classname="TestCase.AddProductToShoppingCartTest" name="UserCanSearchWithAutoSuggest" time="0.000">
    <skipped/>
  </testcase> <!-- UserCanSearchWithAutoSuggest -->
  <system-out/>
  <testcase classname="TestCase.AddProductToShoppingCartTest" name="UserCanAddProductToCart" time="0.000">
    <skipped/>
  </testcase> <!-- UserCanAddProductToCart -->
  <system-out/>
  <testcase classname="TestCase.AddProductToShoppingCartTest" name="UserCanRemoveProductFromCart" time="0.000">
    <skipped/>
  </testcase> <!-- UserCanRemoveProductFromCart -->
  <system-out/>
</testsuite> <!-- TestCase.AddProductToShoppingCartTest -->
