<?xml version="1.0" encoding="UTF-8"?>
<!-- Generated by org.testng.reporters.JUnitReportReporter -->
<testsuite hostname="amahmoud" failures="0" tests="3" name="TestCase.UserRegisterationUsingDDAndPropertiesFileTest3" time="0.000" errors="0" timestamp="2021-12-29T14:50:39 EET" skipped="3">
  <testcase classname="TestCase.UserRegisterationUsingDDAndPropertiesFileTest3" name="UserCanRegister" time="0.000">
    <skipped/>
  </testcase> <!-- UserCanRegister -->
  <system-out/>
  <testcase classname="TestCase.UserRegisterationUsingDDAndPropertiesFileTest3" name="RegisterUserCanLogout" time="0.000">
    <skipped/>
  </testcase> <!-- RegisterUserCanLogout -->
  <system-out/>
  <testcase classname="TestCase.UserRegisterationUsingDDAndPropertiesFileTest3" name="RegisterUserCanLogin" time="0.000">
    <skipped/>
  </testcase> <!-- RegisterUserCanLogin -->
  <system-out/>
</testsuite> <!-- TestCase.UserRegisterationUsingDDAndPropertiesFileTest3 -->
