<?xml version="1.0" encoding="UTF-8"?>
<!-- Generated by org.testng.reporters.JUnitReportReporter -->
<testsuite hostname="amahmoud" failures="0" tests="1" name="TestCase.UserRegisterationTestWithDDTCSV" time="0.000" errors="0" timestamp="2021-12-29T14:50:39 EET" skipped="1">
  <testcase classname="TestCase.UserRegisterationTestWithDDTCSV" name="UserCanRegister" time="0.000">
    <skipped/>
  </testcase> <!-- UserCanRegister -->
  <system-out/>
</testsuite> <!-- TestCase.UserRegisterationTestWithDDTCSV -->
